<?xml version="1.0" encoding="UTF-8"?>
<!-- Generated by org.testng.reporters.JUnitXMLReporter -->
<testsuite hostname="Andreis-MacBook-Pro.local" name="Test" tests="1" failures="0" timestamp="24 Aug 2018 06:14:19 GMT" time="51.798" errors="0">
  <testcase name="@BeforeClass beforeClass" time="0.0" classname="tests.NewTest">
    <failure type="org.openqa.selenium.WebDriverException" message="Failed to connect to binary FirefoxBinary(/Applications/Firefox.app/Contents/MacOS/firefox-bin) on port 7055; process output follows: 
or LightweightThemeManager
1535091215477	addons.manager	DEBUG	Provider finished startup: LightweightThemeManager
1535091215477	addons.manager	DEBUG	Starting provider: GMPProvider
1535091215479	addons.manager	DEBUG	Registering shutdown blocker for GMPProvider
1535091215479	addons.manager	DEBUG	Provider finished startup: GMPProvider
1535091215479	addons.manager	DEBUG	Starting provider: PluginProvider
1535091215479	addons.manager	DEBUG	Registering shutdown blocker for PluginProvider
1535091215479	addons.manager	DEBUG	Provider finished startup: PluginProvider
1535091215481	addons.manager	DEBUG	Completed startup sequence
1535091215851	addons.repository	DEBUG	No addons.json found.
2018-08-23 23:13:36.427 plugin-container[47751:2677081] *** CFMessagePort: bootstrap_register(): failed 1100 (0x44c) &amp;apos;Permission denied&amp;apos;, port = 0x8c3f, name = &amp;apos;com.apple.tsm.portname&amp;apos;
See /usr/include/servers/bootstrap_defs.h for the error codes.
2018-08-23 23:13:36.869 plugin-container[47752:2677106] *** CFMessagePort: bootstrap_register(): failed 1100 (0x44c) &amp;apos;Permission denied&amp;apos;, port = 0x733f, name = &amp;apos;com.apple.tsm.portname&amp;apos;
See /usr/include/servers/bootstrap_defs.h for the error codes.
1535091216995	addons.xpi	DEBUG	Ignoring file entry whose name is not a valid add-on ID: /var/folders/m3/x51q8yp54bbglf9m74hvcm500000gn/T/anonymous1283781692672669223webdriver-profile/extensions/webdriver-staging
1535091216996	addons.xpi	DEBUG	Existing add-on activity-stream@mozilla.org in app-system-defaults
1535091216996	addons.xpi	DEBUG	Existing add-on aushelper@mozilla.org in app-system-defaults
1535091216996	addons.xpi	DEBUG	Existing add-on firefox@getpocket.com in app-system-defaults
1535091216997	addons.xpi	DEBUG	Existing add-on formautofill@mozilla.org in app-system-defaults
1535091216997	addons.xpi	DEBUG	Existing add-on onboarding@mozilla.org in app-system-defaults
1535091216997	addons.xpi	DEBUG	Existing add-on screenshots@mozilla.org in app-system-defaults
1535091216997	addons.xpi	DEBUG	Existing add-on webcompat-reporter@mozilla.org in app-system-defaults
1535091216997	addons.xpi	DEBUG	Existing add-on webcompat@mozilla.org in app-system-defaults
1535091216998	addons.xpi	DEBUG	getInstallState changed: false, state: {}
JavaScript error: resource://gre/modules/addons/XPIProvider.jsm, line 2189: TypeError: addon is null
2018-08-23 23:13:37.630 plugin-container[47753:2677229] *** CFMessagePort: bootstrap_register(): failed 1100 (0x44c) &amp;apos;Permission denied&amp;apos;, port = 0x8c3f, name = &amp;apos;com.apple.tsm.portname&amp;apos;
See /usr/include/servers/bootstrap_defs.h for the error codes.
1535091222786	addons.xpi	DEBUG	Calling bootstrap method shutdown on webcompat@mozilla.org version 2.0
1535091222787	addons.xpi	DEBUG	Calling bootstrap method shutdown on webcompat-reporter@mozilla.org version 1.0.0
1535091222788	addons.xpi	DEBUG	Calling bootstrap method shutdown on screenshots@mozilla.org version 32.1.0
1535091222794	addons.xpi	DEBUG	Calling bootstrap method shutdown on onboarding@mozilla.org version 1.0
1535091222796	addons.xpi	DEBUG	Calling bootstrap method shutdown on formautofill@mozilla.org version 1.0
1535091222797	addons.xpi	DEBUG	Calling bootstrap method shutdown on firefox@getpocket.com version 1.0.5
1535091222797	addons.xpi	DEBUG	Calling bootstrap method shutdown on aushelper@mozilla.org version 2.0
1535091222798	addons.xpi	DEBUG	Calling bootstrap method shutdown on activity-stream@mozilla.org version 2018.06.29.1026-fa231556
1535091222851	addons.manager	DEBUG	shutdown
1535091222853	addons.manager	DEBUG	Calling shutdown blocker for XPIProvider
1535091222853	addons.xpi	DEBUG	shutdown
1535091222853	addons.xpi-utils	DEBUG	shutdown
1535091222853	addons.manager	DEBUG	Calling shutdown blocker for LightweightThemeManager
1535091222853	addons.manager	DEBUG	Calling shutdown blocker for GMPProvider
1535091222854	addons.manager	DEBUG	Calling shutdown blocker for PluginProvider
1535091222873	addons.manager	DEBUG	Async provider shutdown done
*** UTM:SVC TimerManager:registerTimer called after profile-before-change notification. Ignoring timer registration for id: telemetry_modules_ping

Build info: version: &amp;apos;2.53.1&amp;apos;, revision: &amp;apos;a36b8b1cd5757287168e54b817830adce9b0158d&amp;apos;, time: &amp;apos;2016-06-30 19:26:09&amp;apos;
System info: host: &amp;apos;Andreis-MacBook-Pro.local&amp;apos;, ip: &amp;apos;169.254.244.255&amp;apos;, os.name: &amp;apos;Mac OS X&amp;apos;, os.arch: &amp;apos;x86_64&amp;apos;, os.version: &amp;apos;10.13.6&amp;apos;, java.version: &amp;apos;1.8.0_73&amp;apos;
Driver info: driver.version: FirefoxDriver">
      <![CDATA[org.openqa.selenium.WebDriverException: Failed to connect to binary FirefoxBinary(/Applications/Firefox.app/Contents/MacOS/firefox-bin) on port 7055; process output follows: 
or LightweightThemeManager
1535091215477	addons.manager	DEBUG	Provider finished startup: LightweightThemeManager
1535091215477	addons.manager	DEBUG	Starting provider: GMPProvider
1535091215479	addons.manager	DEBUG	Registering shutdown blocker for GMPProvider
1535091215479	addons.manager	DEBUG	Provider finished startup: GMPProvider
1535091215479	addons.manager	DEBUG	Starting provider: PluginProvider
1535091215479	addons.manager	DEBUG	Registering shutdown blocker for PluginProvider
1535091215479	addons.manager	DEBUG	Provider finished startup: PluginProvider
1535091215481	addons.manager	DEBUG	Completed startup sequence
1535091215851	addons.repository	DEBUG	No addons.json found.
2018-08-23 23:13:36.427 plugin-container[47751:2677081] *** CFMessagePort: bootstrap_register(): failed 1100 (0x44c) 'Permission denied', port = 0x8c3f, name = 'com.apple.tsm.portname'
See /usr/include/servers/bootstrap_defs.h for the error codes.
2018-08-23 23:13:36.869 plugin-container[47752:2677106] *** CFMessagePort: bootstrap_register(): failed 1100 (0x44c) 'Permission denied', port = 0x733f, name = 'com.apple.tsm.portname'
See /usr/include/servers/bootstrap_defs.h for the error codes.
1535091216995	addons.xpi	DEBUG	Ignoring file entry whose name is not a valid add-on ID: /var/folders/m3/x51q8yp54bbglf9m74hvcm500000gn/T/anonymous1283781692672669223webdriver-profile/extensions/webdriver-staging
1535091216996	addons.xpi	DEBUG	Existing add-on activity-stream@mozilla.org in app-system-defaults
1535091216996	addons.xpi	DEBUG	Existing add-on aushelper@mozilla.org in app-system-defaults
1535091216996	addons.xpi	DEBUG	Existing add-on firefox@getpocket.com in app-system-defaults
1535091216997	addons.xpi	DEBUG	Existing add-on formautofill@mozilla.org in app-system-defaults
1535091216997	addons.xpi	DEBUG	Existing add-on onboarding@mozilla.org in app-system-defaults
1535091216997	addons.xpi	DEBUG	Existing add-on screenshots@mozilla.org in app-system-defaults
1535091216997	addons.xpi	DEBUG	Existing add-on webcompat-reporter@mozilla.org in app-system-defaults
1535091216997	addons.xpi	DEBUG	Existing add-on webcompat@mozilla.org in app-system-defaults
1535091216998	addons.xpi	DEBUG	getInstallState changed: false, state: {}
JavaScript error: resource://gre/modules/addons/XPIProvider.jsm, line 2189: TypeError: addon is null
2018-08-23 23:13:37.630 plugin-container[47753:2677229] *** CFMessagePort: bootstrap_register(): failed 1100 (0x44c) 'Permission denied', port = 0x8c3f, name = 'com.apple.tsm.portname'
See /usr/include/servers/bootstrap_defs.h for the error codes.
1535091222786	addons.xpi	DEBUG	Calling bootstrap method shutdown on webcompat@mozilla.org version 2.0
1535091222787	addons.xpi	DEBUG	Calling bootstrap method shutdown on webcompat-reporter@mozilla.org version 1.0.0
1535091222788	addons.xpi	DEBUG	Calling bootstrap method shutdown on screenshots@mozilla.org version 32.1.0
1535091222794	addons.xpi	DEBUG	Calling bootstrap method shutdown on onboarding@mozilla.org version 1.0
1535091222796	addons.xpi	DEBUG	Calling bootstrap method shutdown on formautofill@mozilla.org version 1.0
1535091222797	addons.xpi	DEBUG	Calling bootstrap method shutdown on firefox@getpocket.com version 1.0.5
1535091222797	addons.xpi	DEBUG	Calling bootstrap method shutdown on aushelper@mozilla.org version 2.0
1535091222798	addons.xpi	DEBUG	Calling bootstrap method shutdown on activity-stream@mozilla.org version 2018.06.29.1026-fa231556
1535091222851	addons.manager	DEBUG	shutdown
1535091222853	addons.manager	DEBUG	Calling shutdown blocker for XPIProvider
1535091222853	addons.xpi	DEBUG	shutdown
1535091222853	addons.xpi-utils	DEBUG	shutdown
1535091222853	addons.manager	DEBUG	Calling shutdown blocker for LightweightThemeManager
1535091222853	addons.manager	DEBUG	Calling shutdown blocker for GMPProvider
1535091222854	addons.manager	DEBUG	Calling shutdown blocker for PluginProvider
1535091222873	addons.manager	DEBUG	Async provider shutdown done
*** UTM:SVC TimerManager:registerTimer called after profile-before-change notification. Ignoring timer registration for id: telemetry_modules_ping

Build info: version: '2.53.1', revision: 'a36b8b1cd5757287168e54b817830adce9b0158d', time: '2016-06-30 19:26:09'
System info: host: 'Andreis-MacBook-Pro.local', ip: '169.254.244.255', os.name: 'Mac OS X', os.arch: 'x86_64', os.version: '10.13.6', java.version: '1.8.0_73'
Driver info: driver.version: FirefoxDriver
	at org.openqa.selenium.firefox.internal.NewProfileExtensionConnection.start(NewProfileExtensionConnection.java:125)
	at org.openqa.selenium.firefox.FirefoxDriver.startClient(FirefoxDriver.java:271)
	at org.openqa.selenium.remote.RemoteWebDriver.<init>(RemoteWebDriver.java:119)
	at org.openqa.selenium.firefox.FirefoxDriver.<init>(FirefoxDriver.java:216)
	at org.openqa.selenium.firefox.FirefoxDriver.<init>(FirefoxDriver.java:211)
	at org.openqa.selenium.firefox.FirefoxDriver.<init>(FirefoxDriver.java:207)
	at org.openqa.selenium.firefox.FirefoxDriver.<init>(FirefoxDriver.java:120)
	at tests.NewTest.beforeClass(NewTest.java:22)
Caused by: org.openqa.selenium.firefox.NotConnectedException: Unable to connect to host 127.0.0.1 on port 7055 after 45000 ms. Firefox console output:
or LightweightThemeManager
1535091215477	addons.manager	DEBUG	Provider finished startup: LightweightThemeManager
1535091215477	addons.manager	DEBUG	Starting provider: GMPProvider
1535091215479	addons.manager	DEBUG	Registering shutdown blocker for GMPProvider
1535091215479	addons.manager	DEBUG	Provider finished startup: GMPProvider
1535091215479	addons.manager	DEBUG	Starting provider: PluginProvider
1535091215479	addons.manager	DEBUG	Registering shutdown blocker for PluginProvider
1535091215479	addons.manager	DEBUG	Provider finished startup: PluginProvider
1535091215481	addons.manager	DEBUG	Completed startup sequence
1535091215851	addons.repository	DEBUG	No addons.json found.
2018-08-23 23:13:36.427 plugin-container[47751:2677081] *** CFMessagePort: bootstrap_register(): failed 1100 (0x44c) 'Permission denied', port = 0x8c3f, name = 'com.apple.tsm.portname'
See /usr/include/servers/bootstrap_defs.h for the error codes.
2018-08-23 23:13:36.869 plugin-container[47752:2677106] *** CFMessagePort: bootstrap_register(): failed 1100 (0x44c) 'Permission denied', port = 0x733f, name = 'com.apple.tsm.portname'
See /usr/include/servers/bootstrap_defs.h for the error codes.
1535091216995	addons.xpi	DEBUG	Ignoring file entry whose name is not a valid add-on ID: /var/folders/m3/x51q8yp54bbglf9m74hvcm500000gn/T/anonymous1283781692672669223webdriver-profile/extensions/webdriver-staging
1535091216996	addons.xpi	DEBUG	Existing add-on activity-stream@mozilla.org in app-system-defaults
1535091216996	addons.xpi	DEBUG	Existing add-on aushelper@mozilla.org in app-system-defaults
1535091216996	addons.xpi	DEBUG	Existing add-on firefox@getpocket.com in app-system-defaults
1535091216997	addons.xpi	DEBUG	Existing add-on formautofill@mozilla.org in app-system-defaults
1535091216997	addons.xpi	DEBUG	Existing add-on onboarding@mozilla.org in app-system-defaults
1535091216997	addons.xpi	DEBUG	Existing add-on screenshots@mozilla.org in app-system-defaults
1535091216997	addons.xpi	DEBUG	Existing add-on webcompat-reporter@mozilla.org in app-system-defaults
1535091216997	addons.xpi	DEBUG	Existing add-on webcompat@mozilla.org in app-system-defaults
1535091216998	addons.xpi	DEBUG	getInstallState changed: false, state: {}
JavaScript error: resource://gre/modules/addons/XPIProvider.jsm, line 2189: TypeError: addon is null
2018-08-23 23:13:37.630 plugin-container[47753:2677229] *** CFMessagePort: bootstrap_register(): failed 1100 (0x44c) 'Permission denied', port = 0x8c3f, name = 'com.apple.tsm.portname'
See /usr/include/servers/bootstrap_defs.h for the error codes.
1535091222786	addons.xpi	DEBUG	Calling bootstrap method shutdown on webcompat@mozilla.org version 2.0
1535091222787	addons.xpi	DEBUG	Calling bootstrap method shutdown on webcompat-reporter@mozilla.org version 1.0.0
1535091222788	addons.xpi	DEBUG	Calling bootstrap method shutdown on screenshots@mozilla.org version 32.1.0
1535091222794	addons.xpi	DEBUG	Calling bootstrap method shutdown on onboarding@mozilla.org version 1.0
1535091222796	addons.xpi	DEBUG	Calling bootstrap method shutdown on formautofill@mozilla.org version 1.0
1535091222797	addons.xpi	DEBUG	Calling bootstrap method shutdown on firefox@getpocket.com version 1.0.5
1535091222797	addons.xpi	DEBUG	Calling bootstrap method shutdown on aushelper@mozilla.org version 2.0
1535091222798	addons.xpi	DEBUG	Calling bootstrap method shutdown on activity-stream@mozilla.org version 2018.06.29.1026-fa231556
1535091222851	addons.manager	DEBUG	shutdown
1535091222853	addons.manager	DEBUG	Calling shutdown blocker for XPIProvider
1535091222853	addons.xpi	DEBUG	shutdown
1535091222853	addons.xpi-utils	DEBUG	shutdown
1535091222853	addons.manager	DEBUG	Calling shutdown blocker for LightweightThemeManager
1535091222853	addons.manager	DEBUG	Calling shutdown blocker for GMPProvider
1535091222854	addons.manager	DEBUG	Calling shutdown blocker for PluginProvider
1535091222873	addons.manager	DEBUG	Async provider shutdown done
*** UTM:SVC TimerManager:registerTimer called after profile-before-change notification. Ignoring timer registration for id: telemetry_modules_ping

	at org.openqa.selenium.firefox.internal.NewProfileExtensionConnection.start(NewProfileExtensionConnection.java:113)
	... 31 more
... Removed 24 stack frames]]>
    </failure>
  </testcase> <!-- @BeforeClass beforeClass -->
  <testcase name="@AfterClass afterClass" time="0.0" classname="tests.NewTest">
    <skipped/>
  </testcase> <!-- @AfterClass afterClass -->
  <testcase name="openMyBlog" time="0.005" classname="tests.NewTest">
    <skipped/>
  </testcase> <!-- openMyBlog -->
</testsuite> <!-- Test -->
