<?xml version="1.0" encoding="UTF-8"?>
<!-- Generated by org.testng.reporters.JUnitXMLReporter -->
<testsuite hostname="Andreis-MacBook-Pro.local" name="Default test" tests="1" failures="0" timestamp="24 Aug 2018 06:21:43 GMT" time="46.009" errors="0">
  <testcase name="@BeforeClass beforeClass" time="0.0" classname="tests.NewTest">
    <failure type="org.openqa.selenium.WebDriverException" message="Failed to connect to binary FirefoxBinary(/Applications/Firefox.app/Contents/MacOS/firefox-bin) on port 7055; process output follows: 
l@mozilla.org.xpi
1535091659312	addons.xpi	DEBUG	Calling bootstrap method startup on formautofill@mozilla.org version 1.0
1535091659312	addons.xpi	DEBUG	Registering manifest for /Applications/Firefox.app/Contents/Resources/browser/features/onboarding@mozilla.org.xpi
1535091659313	addons.xpi	DEBUG	Calling bootstrap method startup on onboarding@mozilla.org version 1.0
1535091659313	addons.xpi	DEBUG	Registering manifest for /Applications/Firefox.app/Contents/Resources/browser/features/screenshots@mozilla.org.xpi
1535091659314	addons.xpi	DEBUG	Calling bootstrap method startup on screenshots@mozilla.org version 32.1.0
1535091659314	addons.xpi	DEBUG	Registering manifest for /Applications/Firefox.app/Contents/Resources/browser/features/webcompat-reporter@mozilla.org.xpi
1535091659314	addons.xpi	DEBUG	Calling bootstrap method startup on webcompat-reporter@mozilla.org version 1.0.0
1535091659314	addons.xpi	DEBUG	Registering manifest for /Applications/Firefox.app/Contents/Resources/browser/features/webcompat@mozilla.org.xpi
1535091659315	addons.xpi	DEBUG	Calling bootstrap method startup on webcompat@mozilla.org version 2.0
1535091659317	addons.manager	DEBUG	Registering shutdown blocker for XPIProvider
1535091659317	addons.manager	DEBUG	Provider finished startup: XPIProvider
1535091659317	addons.manager	DEBUG	Starting provider: LightweightThemeManager
1535091659317	addons.manager	DEBUG	Registering shutdown blocker for LightweightThemeManager
1535091659317	addons.manager	DEBUG	Provider finished startup: LightweightThemeManager
1535091659318	addons.manager	DEBUG	Starting provider: GMPProvider
1535091659319	addons.manager	DEBUG	Registering shutdown blocker for GMPProvider
1535091659320	addons.manager	DEBUG	Provider finished startup: GMPProvider
1535091659320	addons.manager	DEBUG	Starting provider: PluginProvider
1535091659320	addons.manager	DEBUG	Registering shutdown blocker for PluginProvider
1535091659320	addons.manager	DEBUG	Provider finished startup: PluginProvider
1535091659321	addons.manager	DEBUG	Completed startup sequence
1535091659700	addons.repository	DEBUG	No addons.json found.
2018-08-23 23:21:00.377 plugin-container[47775:2688698] *** CFMessagePort: bootstrap_register(): failed 1100 (0x44c) &amp;apos;Permission denied&amp;apos;, port = 0x7347, name = &amp;apos;com.apple.tsm.portname&amp;apos;
See /usr/include/servers/bootstrap_defs.h for the error codes.
2018-08-23 23:21:00.819 plugin-container[47776:2688722] *** CFMessagePort: bootstrap_register(): failed 1100 (0x44c) &amp;apos;Permission denied&amp;apos;, port = 0x8903, name = &amp;apos;com.apple.tsm.portname&amp;apos;
See /usr/include/servers/bootstrap_defs.h for the error codes.
1535091660961	addons.xpi-utils	DEBUG	XPI Database saved, setting schema version preference to 26
1535091661025	addons.xpi	DEBUG	Ignoring file entry whose name is not a valid add-on ID: /var/folders/m3/x51q8yp54bbglf9m74hvcm500000gn/T/anonymous8613544607948996719webdriver-profile/extensions/webdriver-staging
1535091661026	addons.xpi	DEBUG	Existing add-on activity-stream@mozilla.org in app-system-defaults
1535091661026	addons.xpi	DEBUG	Existing add-on aushelper@mozilla.org in app-system-defaults
1535091661026	addons.xpi	DEBUG	Existing add-on firefox@getpocket.com in app-system-defaults
1535091661026	addons.xpi	DEBUG	Existing add-on formautofill@mozilla.org in app-system-defaults
1535091661026	addons.xpi	DEBUG	Existing add-on onboarding@mozilla.org in app-system-defaults
1535091661026	addons.xpi	DEBUG	Existing add-on screenshots@mozilla.org in app-system-defaults
1535091661027	addons.xpi	DEBUG	Existing add-on webcompat-reporter@mozilla.org in app-system-defaults
1535091661027	addons.xpi	DEBUG	Existing add-on webcompat@mozilla.org in app-system-defaults
1535091661027	addons.xpi	DEBUG	getInstallState changed: false, state: {}
JavaScript error: resource://gre/modules/addons/XPIProvider.jsm, line 2189: TypeError: addon is null
2018-08-23 23:21:01.471 plugin-container[47777:2688826] *** CFMessagePort: bootstrap_register(): failed 1100 (0x44c) &amp;apos;Permission denied&amp;apos;, port = 0x6a3f, name = &amp;apos;com.apple.tsm.portname&amp;apos;
See /usr/include/servers/bootstrap_defs.h for the error codes.

Build info: version: &amp;apos;2.53.1&amp;apos;, revision: &amp;apos;a36b8b1cd5757287168e54b817830adce9b0158d&amp;apos;, time: &amp;apos;2016-06-30 19:26:09&amp;apos;
System info: host: &amp;apos;Andreis-MacBook-Pro.local&amp;apos;, ip: &amp;apos;169.254.244.255&amp;apos;, os.name: &amp;apos;Mac OS X&amp;apos;, os.arch: &amp;apos;x86_64&amp;apos;, os.version: &amp;apos;10.13.6&amp;apos;, java.version: &amp;apos;1.8.0_73&amp;apos;
Driver info: driver.version: FirefoxDriver">
      <![CDATA[org.openqa.selenium.WebDriverException: Failed to connect to binary FirefoxBinary(/Applications/Firefox.app/Contents/MacOS/firefox-bin) on port 7055; process output follows: 
l@mozilla.org.xpi
1535091659312	addons.xpi	DEBUG	Calling bootstrap method startup on formautofill@mozilla.org version 1.0
1535091659312	addons.xpi	DEBUG	Registering manifest for /Applications/Firefox.app/Contents/Resources/browser/features/onboarding@mozilla.org.xpi
1535091659313	addons.xpi	DEBUG	Calling bootstrap method startup on onboarding@mozilla.org version 1.0
1535091659313	addons.xpi	DEBUG	Registering manifest for /Applications/Firefox.app/Contents/Resources/browser/features/screenshots@mozilla.org.xpi
1535091659314	addons.xpi	DEBUG	Calling bootstrap method startup on screenshots@mozilla.org version 32.1.0
1535091659314	addons.xpi	DEBUG	Registering manifest for /Applications/Firefox.app/Contents/Resources/browser/features/webcompat-reporter@mozilla.org.xpi
1535091659314	addons.xpi	DEBUG	Calling bootstrap method startup on webcompat-reporter@mozilla.org version 1.0.0
1535091659314	addons.xpi	DEBUG	Registering manifest for /Applications/Firefox.app/Contents/Resources/browser/features/webcompat@mozilla.org.xpi
1535091659315	addons.xpi	DEBUG	Calling bootstrap method startup on webcompat@mozilla.org version 2.0
1535091659317	addons.manager	DEBUG	Registering shutdown blocker for XPIProvider
1535091659317	addons.manager	DEBUG	Provider finished startup: XPIProvider
1535091659317	addons.manager	DEBUG	Starting provider: LightweightThemeManager
1535091659317	addons.manager	DEBUG	Registering shutdown blocker for LightweightThemeManager
1535091659317	addons.manager	DEBUG	Provider finished startup: LightweightThemeManager
1535091659318	addons.manager	DEBUG	Starting provider: GMPProvider
1535091659319	addons.manager	DEBUG	Registering shutdown blocker for GMPProvider
1535091659320	addons.manager	DEBUG	Provider finished startup: GMPProvider
1535091659320	addons.manager	DEBUG	Starting provider: PluginProvider
1535091659320	addons.manager	DEBUG	Registering shutdown blocker for PluginProvider
1535091659320	addons.manager	DEBUG	Provider finished startup: PluginProvider
1535091659321	addons.manager	DEBUG	Completed startup sequence
1535091659700	addons.repository	DEBUG	No addons.json found.
2018-08-23 23:21:00.377 plugin-container[47775:2688698] *** CFMessagePort: bootstrap_register(): failed 1100 (0x44c) 'Permission denied', port = 0x7347, name = 'com.apple.tsm.portname'
See /usr/include/servers/bootstrap_defs.h for the error codes.
2018-08-23 23:21:00.819 plugin-container[47776:2688722] *** CFMessagePort: bootstrap_register(): failed 1100 (0x44c) 'Permission denied', port = 0x8903, name = 'com.apple.tsm.portname'
See /usr/include/servers/bootstrap_defs.h for the error codes.
1535091660961	addons.xpi-utils	DEBUG	XPI Database saved, setting schema version preference to 26
1535091661025	addons.xpi	DEBUG	Ignoring file entry whose name is not a valid add-on ID: /var/folders/m3/x51q8yp54bbglf9m74hvcm500000gn/T/anonymous8613544607948996719webdriver-profile/extensions/webdriver-staging
1535091661026	addons.xpi	DEBUG	Existing add-on activity-stream@mozilla.org in app-system-defaults
1535091661026	addons.xpi	DEBUG	Existing add-on aushelper@mozilla.org in app-system-defaults
1535091661026	addons.xpi	DEBUG	Existing add-on firefox@getpocket.com in app-system-defaults
1535091661026	addons.xpi	DEBUG	Existing add-on formautofill@mozilla.org in app-system-defaults
1535091661026	addons.xpi	DEBUG	Existing add-on onboarding@mozilla.org in app-system-defaults
1535091661026	addons.xpi	DEBUG	Existing add-on screenshots@mozilla.org in app-system-defaults
1535091661027	addons.xpi	DEBUG	Existing add-on webcompat-reporter@mozilla.org in app-system-defaults
1535091661027	addons.xpi	DEBUG	Existing add-on webcompat@mozilla.org in app-system-defaults
1535091661027	addons.xpi	DEBUG	getInstallState changed: false, state: {}
JavaScript error: resource://gre/modules/addons/XPIProvider.jsm, line 2189: TypeError: addon is null
2018-08-23 23:21:01.471 plugin-container[47777:2688826] *** CFMessagePort: bootstrap_register(): failed 1100 (0x44c) 'Permission denied', port = 0x6a3f, name = 'com.apple.tsm.portname'
See /usr/include/servers/bootstrap_defs.h for the error codes.

Build info: version: '2.53.1', revision: 'a36b8b1cd5757287168e54b817830adce9b0158d', time: '2016-06-30 19:26:09'
System info: host: 'Andreis-MacBook-Pro.local', ip: '169.254.244.255', os.name: 'Mac OS X', os.arch: 'x86_64', os.version: '10.13.6', java.version: '1.8.0_73'
Driver info: driver.version: FirefoxDriver
	at org.openqa.selenium.firefox.internal.NewProfileExtensionConnection.start(NewProfileExtensionConnection.java:125)
	at org.openqa.selenium.firefox.FirefoxDriver.startClient(FirefoxDriver.java:271)
	at org.openqa.selenium.remote.RemoteWebDriver.<init>(RemoteWebDriver.java:119)
	at org.openqa.selenium.firefox.FirefoxDriver.<init>(FirefoxDriver.java:216)
	at org.openqa.selenium.firefox.FirefoxDriver.<init>(FirefoxDriver.java:211)
	at org.openqa.selenium.firefox.FirefoxDriver.<init>(FirefoxDriver.java:207)
	at org.openqa.selenium.firefox.FirefoxDriver.<init>(FirefoxDriver.java:120)
	at tests.NewTest.beforeClass(NewTest.java:22)
	at sun.reflect.NativeMethodAccessorImpl.invoke0(Native Method)
	at sun.reflect.NativeMethodAccessorImpl.invoke(NativeMethodAccessorImpl.java:62)
	at sun.reflect.DelegatingMethodAccessorImpl.invoke(DelegatingMethodAccessorImpl.java:43)
	at java.lang.reflect.Method.invoke(Method.java:497)
	at org.testng.internal.MethodInvocationHelper.invokeMethod(MethodInvocationHelper.java:80)
	at org.testng.internal.Invoker.invokeConfigurationMethod(Invoker.java:564)
	at org.testng.internal.Invoker.invokeConfigurations(Invoker.java:213)
	at org.testng.internal.Invoker.invokeConfigurations(Invoker.java:138)
	at org.testng.internal.TestMethodWorker.invokeBeforeClassMethods(TestMethodWorker.java:175)
	at org.testng.internal.TestMethodWorker.run(TestMethodWorker.java:107)
	at org.testng.TestRunner.privateRun(TestRunner.java:767)
	at org.testng.TestRunner.run(TestRunner.java:617)
	at org.testng.SuiteRunner.runTest(SuiteRunner.java:334)
	at org.testng.SuiteRunner.runSequentially(SuiteRunner.java:329)
	at org.testng.SuiteRunner.privateRun(SuiteRunner.java:291)
	at org.testng.SuiteRunner.run(SuiteRunner.java:240)
	at org.testng.SuiteRunnerWorker.runSuite(SuiteRunnerWorker.java:52)
	at org.testng.SuiteRunnerWorker.run(SuiteRunnerWorker.java:86)
	at org.testng.TestNG.runSuitesSequentially(TestNG.java:1198)
	at org.testng.TestNG.runSuitesLocally(TestNG.java:1123)
	at org.testng.TestNG.run(TestNG.java:1031)
	at org.testng.remote.AbstractRemoteTestNG.run(AbstractRemoteTestNG.java:114)
	at org.testng.remote.RemoteTestNG.initAndRun(RemoteTestNG.java:251)
	at org.testng.remote.RemoteTestNG.main(RemoteTestNG.java:77)
Caused by: org.openqa.selenium.firefox.NotConnectedException: Unable to connect to host 127.0.0.1 on port 7055 after 45000 ms. Firefox console output:
l@mozilla.org.xpi
1535091659312	addons.xpi	DEBUG	Calling bootstrap method startup on formautofill@mozilla.org version 1.0
1535091659312	addons.xpi	DEBUG	Registering manifest for /Applications/Firefox.app/Contents/Resources/browser/features/onboarding@mozilla.org.xpi
1535091659313	addons.xpi	DEBUG	Calling bootstrap method startup on onboarding@mozilla.org version 1.0
1535091659313	addons.xpi	DEBUG	Registering manifest for /Applications/Firefox.app/Contents/Resources/browser/features/screenshots@mozilla.org.xpi
1535091659314	addons.xpi	DEBUG	Calling bootstrap method startup on screenshots@mozilla.org version 32.1.0
1535091659314	addons.xpi	DEBUG	Registering manifest for /Applications/Firefox.app/Contents/Resources/browser/features/webcompat-reporter@mozilla.org.xpi
1535091659314	addons.xpi	DEBUG	Calling bootstrap method startup on webcompat-reporter@mozilla.org version 1.0.0
1535091659314	addons.xpi	DEBUG	Registering manifest for /Applications/Firefox.app/Contents/Resources/browser/features/webcompat@mozilla.org.xpi
1535091659315	addons.xpi	DEBUG	Calling bootstrap method startup on webcompat@mozilla.org version 2.0
1535091659317	addons.manager	DEBUG	Registering shutdown blocker for XPIProvider
1535091659317	addons.manager	DEBUG	Provider finished startup: XPIProvider
1535091659317	addons.manager	DEBUG	Starting provider: LightweightThemeManager
1535091659317	addons.manager	DEBUG	Registering shutdown blocker for LightweightThemeManager
1535091659317	addons.manager	DEBUG	Provider finished startup: LightweightThemeManager
1535091659318	addons.manager	DEBUG	Starting provider: GMPProvider
1535091659319	addons.manager	DEBUG	Registering shutdown blocker for GMPProvider
1535091659320	addons.manager	DEBUG	Provider finished startup: GMPProvider
1535091659320	addons.manager	DEBUG	Starting provider: PluginProvider
1535091659320	addons.manager	DEBUG	Registering shutdown blocker for PluginProvider
1535091659320	addons.manager	DEBUG	Provider finished startup: PluginProvider
1535091659321	addons.manager	DEBUG	Completed startup sequence
1535091659700	addons.repository	DEBUG	No addons.json found.
2018-08-23 23:21:00.377 plugin-container[47775:2688698] *** CFMessagePort: bootstrap_register(): failed 1100 (0x44c) 'Permission denied', port = 0x7347, name = 'com.apple.tsm.portname'
See /usr/include/servers/bootstrap_defs.h for the error codes.
2018-08-23 23:21:00.819 plugin-container[47776:2688722] *** CFMessagePort: bootstrap_register(): failed 1100 (0x44c) 'Permission denied', port = 0x8903, name = 'com.apple.tsm.portname'
See /usr/include/servers/bootstrap_defs.h for the error codes.
1535091660961	addons.xpi-utils	DEBUG	XPI Database saved, setting schema version preference to 26
1535091661025	addons.xpi	DEBUG	Ignoring file entry whose name is not a valid add-on ID: /var/folders/m3/x51q8yp54bbglf9m74hvcm500000gn/T/anonymous8613544607948996719webdriver-profile/extensions/webdriver-staging
1535091661026	addons.xpi	DEBUG	Existing add-on activity-stream@mozilla.org in app-system-defaults
1535091661026	addons.xpi	DEBUG	Existing add-on aushelper@mozilla.org in app-system-defaults
1535091661026	addons.xpi	DEBUG	Existing add-on firefox@getpocket.com in app-system-defaults
1535091661026	addons.xpi	DEBUG	Existing add-on formautofill@mozilla.org in app-system-defaults
1535091661026	addons.xpi	DEBUG	Existing add-on onboarding@mozilla.org in app-system-defaults
1535091661026	addons.xpi	DEBUG	Existing add-on screenshots@mozilla.org in app-system-defaults
1535091661027	addons.xpi	DEBUG	Existing add-on webcompat-reporter@mozilla.org in app-system-defaults
1535091661027	addons.xpi	DEBUG	Existing add-on webcompat@mozilla.org in app-system-defaults
1535091661027	addons.xpi	DEBUG	getInstallState changed: false, state: {}
JavaScript error: resource://gre/modules/addons/XPIProvider.jsm, line 2189: TypeError: addon is null
2018-08-23 23:21:01.471 plugin-container[47777:2688826] *** CFMessagePort: bootstrap_register(): failed 1100 (0x44c) 'Permission denied', port = 0x6a3f, name = 'com.apple.tsm.portname'
See /usr/include/servers/bootstrap_defs.h for the error codes.

	at org.openqa.selenium.firefox.internal.NewProfileExtensionConnection.start(NewProfileExtensionConnection.java:113)
	... 31 more
]]>
    </failure>
  </testcase> <!-- @BeforeClass beforeClass -->
  <testcase name="@AfterClass afterClass" time="0.0" classname="tests.NewTest">
    <skipped/>
  </testcase> <!-- @AfterClass afterClass -->
  <testcase name="openMyBlog" time="0.003" classname="tests.NewTest">
    <skipped/>
  </testcase> <!-- openMyBlog -->
</testsuite> <!-- Default test -->
